<?xml version="1.0" encoding="UTF-8"?>
<!-- Generated by org.testng.reporters.JUnitXMLReporter -->
<testsuite hostname="DESKTOP-1RJN9BM" name="Regression1" tests="1" failures="1" timestamp="7 Jan 2018 18:44:19 GMT" time="4.017" errors="0">
  <testcase name="feature" time="3.651" classname="Satish.Cucumber.RunCukesTest">
    <failure type="cucumber.runtime.CucumberException" message="org.junit.ComparisonFailure: expected:&amp;lt;[Selenium Framework | Selenium, Cucumber, Ruby, Java et al.]&amp;gt; but was:&amp;lt;[WebDriver]&amp;gt;">
      <![CDATA[cucumber.runtime.CucumberException: org.junit.ComparisonFailure: expected:<[Selenium Framework | Selenium, Cucumber, Ruby, Java et al.]> but was:<[WebDriver]>
	at cucumber.api.testng.TestNGCucumberRunner.runCucumber(TestNGCucumberRunner.java:69)
	at cucumber.api.testng.AbstractTestNGCucumberTests.feature(AbstractTestNGCucumberTests.java:21)
Caused by: org.junit.ComparisonFailure: expected:<[Selenium Framework | Selenium, Cucumber, Ruby, Java et al.]> but was:<[WebDriver]>
	at org.junit.Assert.assertEquals(Assert.java:115)
	at org.junit.Assert.assertEquals(Assert.java:144)
	at Satish.Cucumber.BlankStepDefs.i_print_title_and_URL(BlankStepDefs.java:28)
	at âœ½.Then I validate title and URL(seleniumframework.feature:6)
... Removed 24 stack frames]]>
    </failure>
  </testcase> <!-- feature -->
</testsuite> <!-- Regression1 -->
